<?xml version="1.0" encoding="UTF-8"?>
<coverage generated="1551977252397" clover="3.2.0">
  <project timestamp="1551977252397" name="All files">
    <metrics statements="8" coveredstatements="3" conditionals="0" coveredconditionals="0" methods="5" coveredmethods="1" elements="13" coveredelements="4" complexity="0" loc="8" ncloc="8" packages="1" files="1" classes="1"/>
    <file name="functions.js" path="C:\Users\matth\OneDrive\Documents\GitHub\dissowebapp\scripts\functions.js">
      <metrics statements="8" coveredstatements="3" conditionals="0" coveredconditionals="0" methods="5" coveredmethods="1"/>
      <line num="1" count="1" type="stmt"/>
      <line num="2" count="0" type="stmt"/>
      <line num="4" count="1" type="stmt"/>
      <line num="6" count="0" type="stmt"/>
      <line num="7" count="0" type="stmt"/>
      <line num="9" count="0" type="stmt"/>
      <line num="11" count="0" type="stmt"/>
      <line num="15" count="1" type="stmt"/>
    </file>
  </project>
</coverage>
